Determining if the pthread_create exist failed with the following output:
Change Dir: /home/fan/autolabor/build/CMakeFiles/CMakeTmp

Run Build Command:"/usr/bin/make" "cmTC_abd8d/fast"
/usr/bin/make -f CMakeFiles/cmTC_abd8d.dir/build.make CMakeFiles/cmTC_abd8d.dir/build
make[1]: Entering directory '/home/fan/autolabor/build/CMakeFiles/CMakeTmp'
Building C object CMakeFiles/cmTC_abd8d.dir/CheckSymbolExists.c.o
/usr/bin/cc     -o CMakeFiles/cmTC_abd8d.dir/CheckSymbolExists.c.o   -c /home/fan/autolabor/build/CMakeFiles/CMakeTmp/CheckSymbolExists.c
Linking C executable cmTC_abd8d
/usr/bin/cmake -E cmake_link_script CMakeFiles/cmTC_abd8d.dir/link.txt --verbose=1
/usr/bin/cc       CMakeFiles/cmTC_abd8d.dir/CheckSymbolExists.c.o  -o cmTC_abd8d -rdynamic 
CMakeFiles/cmTC_abd8d.dir/CheckSymbolExists.c.o：在函数‘main’中：
CheckSymbolExists.c:(.text+0x16)：对‘pthread_create’未定义的引用
collect2: error: ld returned 1 exit status
CMakeFiles/cmTC_abd8d.dir/build.make:97: recipe for target 'cmTC_abd8d' failed
make[1]: *** [cmTC_abd8d] Error 1
make[1]: Leaving directory '/home/fan/autolabor/build/CMakeFiles/CMakeTmp'
Makefile:126: recipe for target 'cmTC_abd8d/fast' failed
make: *** [cmTC_abd8d/fast] Error 2

File /home/fan/autolabor/build/CMakeFiles/CMakeTmp/CheckSymbolExists.c:
/* */
#include <pthread.h>

int main(int argc, char** argv)
{
  (void)argv;
#ifndef pthread_create
  return ((int*)(&pthread_create))[argc];
#else
  (void)argc;
  return 0;
#endif
}

Determining if the function pthread_create exists in the pthreads failed with the following output:
Change Dir: /home/fan/autolabor/build/CMakeFiles/CMakeTmp

Run Build Command:"/usr/bin/make" "cmTC_d81b6/fast"
/usr/bin/make -f CMakeFiles/cmTC_d81b6.dir/build.make CMakeFiles/cmTC_d81b6.dir/build
make[1]: Entering directory '/home/fan/autolabor/build/CMakeFiles/CMakeTmp'
Building C object CMakeFiles/cmTC_d81b6.dir/CheckFunctionExists.c.o
/usr/bin/cc    -DCHECK_FUNCTION_EXISTS=pthread_create   -o CMakeFiles/cmTC_d81b6.dir/CheckFunctionExists.c.o   -c /usr/share/cmake-3.5/Modules/CheckFunctionExists.c
Linking C executable cmTC_d81b6
/usr/bin/cmake -E cmake_link_script CMakeFiles/cmTC_d81b6.dir/link.txt --verbose=1
/usr/bin/cc   -DCHECK_FUNCTION_EXISTS=pthread_create    CMakeFiles/cmTC_d81b6.dir/CheckFunctionExists.c.o  -o cmTC_d81b6 -rdynamic -lpthreads 
/usr/bin/ld: 找不到 -lpthreads
collect2: error: ld returned 1 exit status
CMakeFiles/cmTC_d81b6.dir/build.make:97: recipe for target 'cmTC_d81b6' failed
make[1]: *** [cmTC_d81b6] Error 1
make[1]: Leaving directory '/home/fan/autolabor/build/CMakeFiles/CMakeTmp'
Makefile:126: recipe for target 'cmTC_d81b6/fast' failed
make: *** [cmTC_d81b6/fast] Error 2


